# JRE version: OpenJDK Runtime Environment (11.0.15) (build 11.0.15+0-b2043.56-9505619)
# Java VM: OpenJDK 64-Bit Server VM (11.0.15+0-b2043.56-9505619, mixed mode, tiered, compressed oops, g1 gc, windows-amd64)
Heap:
 garbage-first heap   total 262144K, used 186243K [0x0000000080000000, 0x0000000100000000)
  region size 1024K, 29 young (29696K), 7 survivors (7168K)
 Metaspace       used 132278K, capacity 136598K, committed 138748K, reserved 1169408K
  class space    used 16677K, capacity 18342K, committed 19020K, reserved 1048576K
GC Heap History (20 events):
Event: 5574.732 GC heap before
{Heap before GC invocations=57 (full 0):
 garbage-first heap   total 262144K, used 168754K [0x0000000080000000, 0x0000000100000000)
  region size 1024K, 12 young (12288K), 7 survivors (7168K)
 Metaspace       used 131790K, capacity 136163K, committed 138492K, reserved 1169408K
  class space    used 16689K, capacity 18373K, committed 19020K, reserved 1048576K
}
Event: 5574.757 GC heap after
{Heap after GC invocations=58 (full 0):
 garbage-first heap   total 262144K, used 149672K [0x0000000080000000, 0x0000000100000000)
  region size 1024K, 2 young (2048K), 2 survivors (2048K)
 Metaspace       used 131790K, capacity 136163K, committed 138492K, reserved 1169408K
  class space    used 16689K, capacity 18373K, committed 19020K, reserved 1048576K
}
Event: 5574.836 GC heap before
{Heap before GC invocations=58 (full 0):
 garbage-first heap   total 262144K, used 159912K [0x0000000080000000, 0x0000000100000000)
  region size 1024K, 12 young (12288K), 2 survivors (2048K)
 Metaspace       used 131806K, capacity 136230K, committed 138492K, reserved 1169408K
  class space    used 16690K, capacity 18374K, committed 19020K, reserved 1048576K
}
Event: 5574.860 GC heap after
{Heap after GC invocations=59 (full 0):
 garbage-first heap   total 262144K, used 145739K [0x0000000080000000, 0x0000000100000000)
  region size 1024K, 2 young (2048K), 2 survivors (2048K)
 Metaspace       used 131806K, capacity 136230K, committed 138492K, reserved 1169408K
  class space    used 16690K, capacity 18374K, committed 19020K, reserved 1048576K
}
Event: 5575.346 GC heap before
{Heap before GC invocations=59 (full 0):
 garbage-first heap   total 262144K, used 205131K [0x0000000080000000, 0x0000000100000000)
  region size 1024K, 60 young (61440K), 2 survivors (2048K)
 Metaspace       used 131927K, capacity 136342K, committed 138492K, reserved 1169408K
  class space    used 16695K, capacity 18384K, committed 19020K, reserved 1048576K
}
Event: 5575.366 GC heap after
{Heap after GC invocations=60 (full 0):
 garbage-first heap   total 262144K, used 159744K [0x0000000080000000, 0x0000000100000000)
  region size 1024K, 8 young (8192K), 8 survivors (8192K)
 Metaspace       used 131927K, capacity 136342K, committed 138492K, reserved 1169408K
  class space    used 16695K, capacity 18384K, committed 19020K, reserved 1048576K
}
Event: 5575.770 GC heap before
{Heap before GC invocations=61 (full 0):
 garbage-first heap   total 262144K, used 200704K [0x0000000080000000, 0x0000000100000000)
  region size 1024K, 58 young (59392K), 8 survivors (8192K)
 Metaspace       used 131891K, capacity 136238K, committed 138492K, reserved 1169408K
  class space    used 16673K, capacity 18339K, committed 19020K, reserved 1048576K
}
Event: 5575.788 GC heap after
{Heap after GC invocations=62 (full 0):
 garbage-first heap   total 262144K, used 159744K [0x0000000080000000, 0x0000000100000000)
  region size 1024K, 8 young (8192K), 8 survivors (8192K)
 Metaspace       used 131891K, capacity 136238K, committed 138492K, reserved 1169408K
  class space    used 16673K, capacity 18339K, committed 19020K, reserved 1048576K
}
Event: 5575.825 GC heap before
{Heap before GC invocations=62 (full 0):
 garbage-first heap   total 262144K, used 163840K [0x0000000080000000, 0x0000000100000000)
  region size 1024K, 12 young (12288K), 8 survivors (8192K)
 Metaspace       used 131991K, capacity 136364K, committed 138492K, reserved 1169408K
  class space    used 16686K, capacity 18362K, committed 19020K, reserved 1048576K
}
Event: 5575.841 GC heap after
{Heap after GC invocations=63 (full 0):
 garbage-first heap   total 262144K, used 140370K [0x0000000080000000, 0x0000000100000000)
  region size 1024K, 2 young (2048K), 2 survivors (2048K)
 Metaspace       used 131991K, capacity 136364K, committed 138492K, reserved 1169408K
  class space    used 16686K, capacity 18362K, committed 19020K, reserved 1048576K
}
Event: 5702.342 GC heap before
{Heap before GC invocations=63 (full 0):
 garbage-first heap   total 262144K, used 150610K [0x0000000080000000, 0x0000000100000000)
  region size 1024K, 12 young (12288K), 2 survivors (2048K)
 Metaspace       used 132072K, capacity 136490K, committed 138492K, reserved 1169408K
  class space    used 16692K, capacity 18373K, committed 19020K, reserved 1048576K
}
Event: 5702.362 GC heap after
{Heap after GC invocations=64 (full 0):
 garbage-first heap   total 262144K, used 136964K [0x0000000080000000, 0x0000000100000000)
  region size 1024K, 1 young (1024K), 1 survivors (1024K)
 Metaspace       used 132072K, capacity 136490K, committed 138492K, reserved 1169408K
  class space    used 16692K, capacity 18373K, committed 19020K, reserved 1048576K
}
Event: 6263.318 GC heap before
{Heap before GC invocations=64 (full 0):
 garbage-first heap   total 262144K, used 195332K [0x0000000080000000, 0x0000000100000000)
  region size 1024K, 59 young (60416K), 1 survivors (1024K)
 Metaspace       used 132136K, capacity 136524K, committed 138492K, reserved 1169408K
  class space    used 16695K, capacity 18379K, committed 19020K, reserved 1048576K
}
Event: 6263.345 GC heap after
{Heap after GC invocations=65 (full 0):
 garbage-first heap   total 262144K, used 143518K [0x0000000080000000, 0x0000000100000000)
  region size 1024K, 8 young (8192K), 8 survivors (8192K)
 Metaspace       used 132136K, capacity 136524K, committed 138492K, reserved 1169408K
  class space    used 16695K, capacity 18379K, committed 19020K, reserved 1048576K
}
Event: 6264.034 GC heap before
{Heap before GC invocations=66 (full 0):
 garbage-first heap   total 262144K, used 201886K [0x0000000080000000, 0x0000000100000000)
  region size 1024K, 65 young (66560K), 8 survivors (8192K)
 Metaspace       used 132105K, capacity 136378K, committed 138748K, reserved 1169408K
  class space    used 16666K, capacity 18321K, committed 19020K, reserved 1048576K
}
Event: 6264.056 GC heap after
{Heap after GC invocations=67 (full 0):
 garbage-first heap   total 262144K, used 156581K [0x0000000080000000, 0x0000000100000000)
  region size 1024K, 9 young (9216K), 9 survivors (9216K)
 Metaspace       used 132105K, capacity 136378K, committed 138748K, reserved 1169408K
  class space    used 16666K, capacity 18321K, committed 19020K, reserved 1048576K
}
Event: 6264.079 GC heap before
{Heap before GC invocations=67 (full 0):
 garbage-first heap   total 262144K, used 159653K [0x0000000080000000, 0x0000000100000000)
  region size 1024K, 12 young (12288K), 9 survivors (9216K)
 Metaspace       used 132108K, capacity 136378K, committed 138748K, reserved 1169408K
  class space    used 16666K, capacity 18321K, committed 19020K, reserved 1048576K
}
Event: 6264.099 GC heap after
{Heap after GC invocations=68 (full 0):
 garbage-first heap   total 262144K, used 155484K [0x0000000080000000, 0x0000000100000000)
  region size 1024K, 2 young (2048K), 2 survivors (2048K)
 Metaspace       used 132108K, capacity 136378K, committed 138748K, reserved 1169408K
  class space    used 16666K, capacity 18321K, committed 19020K, reserved 1048576K
}
Event: 6287.539 GC heap before
{Heap before GC invocations=68 (full 0):
 garbage-first heap   total 262144K, used 207708K [0x0000000080000000, 0x0000000100000000)
  region size 1024K, 53 young (54272K), 2 survivors (2048K)
 Metaspace       used 132259K, capacity 136597K, committed 138748K, reserved 1169408K
  class space    used 16677K, capacity 18342K, committed 19020K, reserved 1048576K
}
Event: 6287.556 GC heap after
{Heap after GC invocations=69 (full 0):
 garbage-first heap   total 262144K, used 164739K [0x0000000080000000, 0x0000000100000000)
  region size 1024K, 7 young (7168K), 7 survivors (7168K)
 Metaspace       used 132259K, capacity 136597K, committed 138748K, reserved 1169408K
  class space    used 16677K, capacity 18342K, committed 19020K, reserved 1048576K
}

