# JRE version: OpenJDK Runtime Environment (11.0.15) (build 11.0.15+0-b2043.56-9505619)
# Java VM: OpenJDK 64-Bit Server VM (11.0.15+0-b2043.56-9505619, mixed mode, tiered, compressed oops, g1 gc, windows-amd64)
Heap:
 garbage-first heap   total 315392K, used 239888K [0x0000000080000000, 0x0000000100000000)
  region size 1024K, 69 young (70656K), 9 survivors (9216K)
 Metaspace       used 138676K, capacity 144584K, committed 144816K, reserved 1175552K
  class space    used 17341K, capacity 19644K, committed 19712K, reserved 1048576K
GC Heap History (20 events):
Event: 968.865 GC heap after
{Heap after GC invocations=88 (full 0):
 garbage-first heap   total 315392K, used 170614K [0x0000000080000000, 0x0000000100000000)
  region size 1024K, 3 young (3072K), 3 survivors (3072K)
 Metaspace       used 138172K, capacity 144015K, committed 144176K, reserved 1173504K
  class space    used 17299K, capacity 19567K, committed 19584K, reserved 1048576K
}
Event: 968.897 GC heap before
{Heap before GC invocations=88 (full 0):
 garbage-first heap   total 315392K, used 181878K [0x0000000080000000, 0x0000000100000000)
  region size 1024K, 15 young (15360K), 3 survivors (3072K)
 Metaspace       used 138178K, capacity 144015K, committed 144176K, reserved 1173504K
  class space    used 17299K, capacity 19567K, committed 19584K, reserved 1048576K
}
Event: 968.907 GC heap after
{Heap after GC invocations=89 (full 0):
 garbage-first heap   total 315392K, used 171143K [0x0000000080000000, 0x0000000100000000)
  region size 1024K, 2 young (2048K), 2 survivors (2048K)
 Metaspace       used 138178K, capacity 144015K, committed 144176K, reserved 1173504K
  class space    used 17299K, capacity 19567K, committed 19584K, reserved 1048576K
}
Event: 969.152 GC heap before
{Heap before GC invocations=89 (full 0):
 garbage-first heap   total 315392K, used 204935K [0x0000000080000000, 0x0000000100000000)
  region size 1024K, 37 young (37888K), 2 survivors (2048K)
 Metaspace       used 138373K, capacity 144305K, committed 144560K, reserved 1173504K
  class space    used 17340K, capacity 19642K, committed 19712K, reserved 1048576K
}
Event: 969.158 GC heap after
{Heap after GC invocations=90 (full 0):
 garbage-first heap   total 315392K, used 172049K [0x0000000080000000, 0x0000000100000000)
  region size 1024K, 3 young (3072K), 3 survivors (3072K)
 Metaspace       used 138373K, capacity 144305K, committed 144560K, reserved 1173504K
  class space    used 17340K, capacity 19642K, committed 19712K, reserved 1048576K
}
Event: 996.220 GC heap before
{Heap before GC invocations=91 (full 0):
 garbage-first heap   total 315392K, used 242705K [0x0000000080000000, 0x0000000100000000)
  region size 1024K, 61 young (62464K), 3 survivors (3072K)
 Metaspace       used 138470K, capacity 144384K, committed 144560K, reserved 1173504K
  class space    used 17341K, capacity 19644K, committed 19712K, reserved 1048576K
}
Event: 996.230 GC heap after
{Heap after GC invocations=92 (full 0):
 garbage-first heap   total 315392K, used 179200K [0x0000000080000000, 0x0000000100000000)
  region size 1024K, 8 young (8192K), 8 survivors (8192K)
 Metaspace       used 138470K, capacity 144384K, committed 144560K, reserved 1173504K
  class space    used 17341K, capacity 19644K, committed 19712K, reserved 1048576K
}
Event: 996.264 GC heap before
{Heap before GC invocations=92 (full 0):
 garbage-first heap   total 315392K, used 186368K [0x0000000080000000, 0x0000000100000000)
  region size 1024K, 15 young (15360K), 8 survivors (8192K)
 Metaspace       used 138470K, capacity 144384K, committed 144560K, reserved 1173504K
  class space    used 17341K, capacity 19644K, committed 19712K, reserved 1048576K
}
Event: 996.275 GC heap after
{Heap after GC invocations=93 (full 0):
 garbage-first heap   total 315392K, used 180435K [0x0000000080000000, 0x0000000100000000)
  region size 1024K, 2 young (2048K), 2 survivors (2048K)
 Metaspace       used 138470K, capacity 144384K, committed 144560K, reserved 1173504K
  class space    used 17341K, capacity 19644K, committed 19712K, reserved 1048576K
}
Event: 996.550 GC heap before
{Heap before GC invocations=93 (full 0):
 garbage-first heap   total 315392K, used 238803K [0x0000000080000000, 0x0000000100000000)
  region size 1024K, 59 young (60416K), 2 survivors (2048K)
 Metaspace       used 138494K, capacity 144384K, committed 144560K, reserved 1173504K
  class space    used 17341K, capacity 19644K, committed 19712K, reserved 1048576K
}
Event: 996.564 GC heap after
{Heap after GC invocations=94 (full 0):
 garbage-first heap   total 315392K, used 193386K [0x0000000080000000, 0x0000000100000000)
  region size 1024K, 8 young (8192K), 8 survivors (8192K)
 Metaspace       used 138494K, capacity 144384K, committed 144560K, reserved 1173504K
  class space    used 17341K, capacity 19644K, committed 19712K, reserved 1048576K
}
Event: 996.890 GC heap before
{Heap before GC invocations=95 (full 0):
 garbage-first heap   total 315392K, used 234346K [0x0000000080000000, 0x0000000100000000)
  region size 1024K, 60 young (61440K), 8 survivors (8192K)
 Metaspace       used 138548K, capacity 144448K, committed 144560K, reserved 1173504K
  class space    used 17341K, capacity 19644K, committed 19712K, reserved 1048576K
}
Event: 996.909 GC heap after
{Heap after GC invocations=96 (full 0):
 garbage-first heap   total 315392K, used 193527K [0x0000000080000000, 0x0000000100000000)
  region size 1024K, 8 young (8192K), 8 survivors (8192K)
 Metaspace       used 138548K, capacity 144448K, committed 144560K, reserved 1173504K
  class space    used 17341K, capacity 19644K, committed 19712K, reserved 1048576K
}
Event: 996.977 GC heap before
{Heap before GC invocations=96 (full 0):
 garbage-first heap   total 315392K, used 199671K [0x0000000080000000, 0x0000000100000000)
  region size 1024K, 15 young (15360K), 8 survivors (8192K)
 Metaspace       used 138579K, capacity 144448K, committed 144560K, reserved 1173504K
  class space    used 17341K, capacity 19644K, committed 19712K, reserved 1048576K
}
Event: 996.994 GC heap after
{Heap after GC invocations=97 (full 0):
 garbage-first heap   total 315392K, used 168414K [0x0000000080000000, 0x0000000100000000)
  region size 1024K, 2 young (2048K), 2 survivors (2048K)
 Metaspace       used 138579K, capacity 144448K, committed 144560K, reserved 1173504K
  class space    used 17341K, capacity 19644K, committed 19712K, reserved 1048576K
}
Event: 997.115 GC heap before
{Heap before GC invocations=97 (full 0):
 garbage-first heap   total 315392K, used 180702K [0x0000000080000000, 0x0000000100000000)
  region size 1024K, 15 young (15360K), 2 survivors (2048K)
 Metaspace       used 138596K, capacity 144514K, committed 144816K, reserved 1175552K
  class space    used 17341K, capacity 19644K, committed 19712K, reserved 1048576K
}
Event: 997.126 GC heap after
{Heap after GC invocations=98 (full 0):
 garbage-first heap   total 315392K, used 169531K [0x0000000080000000, 0x0000000100000000)
  region size 1024K, 2 young (2048K), 2 survivors (2048K)
 Metaspace       used 138596K, capacity 144514K, committed 144816K, reserved 1175552K
  class space    used 17341K, capacity 19644K, committed 19712K, reserved 1048576K
}
Event: 1026.498 GC heap before
{Heap before GC invocations=98 (full 0):
 garbage-first heap   total 315392K, used 231995K [0x0000000080000000, 0x0000000100000000)
  region size 1024K, 63 young (64512K), 2 survivors (2048K)
 Metaspace       used 138636K, capacity 144518K, committed 144816K, reserved 1175552K
  class space    used 17341K, capacity 19644K, committed 19712K, reserved 1048576K
}
Event: 1026.531 GC heap after
{Heap after GC invocations=99 (full 0):
 garbage-first heap   total 315392K, used 178448K [0x0000000080000000, 0x0000000100000000)
  region size 1024K, 8 young (8192K), 8 survivors (8192K)
 Metaspace       used 138636K, capacity 144518K, committed 144816K, reserved 1175552K
  class space    used 17341K, capacity 19644K, committed 19712K, reserved 1048576K
}
Event: 1026.964 GC heap before
{Heap before GC invocations=100 (full 0):
 garbage-first heap   total 315392K, used 239888K [0x0000000080000000, 0x0000000100000000)
  region size 1024K, 68 young (69632K), 8 survivors (8192K)
 Metaspace       used 138676K, capacity 144584K, committed 144816K, reserved 1175552K
  class space    used 17341K, capacity 19644K, committed 19712K, reserved 1048576K
}

