# JRE version: OpenJDK Runtime Environment (11.0.15) (build 11.0.15+0-b2043.56-9505619)
# Java VM: OpenJDK 64-Bit Server VM (11.0.15+0-b2043.56-9505619, mixed mode, tiered, compressed oops, g1 gc, windows-amd64)
Heap:
 garbage-first heap   total 378880K, used 306753K [0x0000000080000000, 0x0000000100000000)
  region size 1024K, 78 young (79872K), 9 survivors (9216K)
 Metaspace       used 157585K, capacity 162784K, committed 165288K, reserved 1191936K
  class space    used 19754K, capacity 21687K, committed 22520K, reserved 1048576K
GC Heap History (20 events):
Event: 6610.456 GC heap after
{Heap after GC invocations=93 (full 0):
 garbage-first heap   total 378880K, used 283414K [0x0000000080000000, 0x0000000100000000)
  region size 1024K, 7 young (7168K), 7 survivors (7168K)
 Metaspace       used 159006K, capacity 165081K, committed 165160K, reserved 1191936K
  class space    used 20132K, capacity 22353K, committed 22392K, reserved 1048576K
}
Event: 6983.374 GC heap before
{Heap before GC invocations=94 (full 0):
 garbage-first heap   total 378880K, used 318230K [0x0000000080000000, 0x0000000100000000)
  region size 1024K, 48 young (49152K), 7 survivors (7168K)
 Metaspace       used 157200K, capacity 162233K, committed 165160K, reserved 1191936K
  class space    used 19764K, capacity 21675K, committed 22392K, reserved 1048576K
}
Event: 6983.390 GC heap after
{Heap after GC invocations=95 (full 0):
 garbage-first heap   total 378880K, used 280717K [0x0000000080000000, 0x0000000100000000)
  region size 1024K, 4 young (4096K), 4 survivors (4096K)
 Metaspace       used 157200K, capacity 162233K, committed 165160K, reserved 1191936K
  class space    used 19764K, capacity 21675K, committed 22392K, reserved 1048576K
}
Event: 7781.821 GC heap before
{Heap before GC invocations=95 (full 0):
 garbage-first heap   total 378880K, used 295053K [0x0000000080000000, 0x0000000100000000)
  region size 1024K, 18 young (18432K), 4 survivors (4096K)
 Metaspace       used 157200K, capacity 162233K, committed 165160K, reserved 1191936K
  class space    used 19764K, capacity 21675K, committed 22392K, reserved 1048576K
}
Event: 7781.840 GC heap after
{Heap after GC invocations=96 (full 0):
 garbage-first heap   total 378880K, used 247067K [0x0000000080000000, 0x0000000100000000)
  region size 1024K, 1 young (1024K), 1 survivors (1024K)
 Metaspace       used 157200K, capacity 162233K, committed 165160K, reserved 1191936K
  class space    used 19764K, capacity 21675K, committed 22392K, reserved 1048576K
}
Event: 8762.189 GC heap before
{Heap before GC invocations=96 (full 0):
 garbage-first heap   total 378880K, used 264475K [0x0000000080000000, 0x0000000100000000)
  region size 1024K, 18 young (18432K), 1 survivors (1024K)
 Metaspace       used 157200K, capacity 162233K, committed 165160K, reserved 1191936K
  class space    used 19764K, capacity 21675K, committed 22392K, reserved 1048576K
}
Event: 8762.214 GC heap after
{Heap after GC invocations=97 (full 0):
 garbage-first heap   total 378880K, used 232599K [0x0000000080000000, 0x0000000100000000)
  region size 1024K, 1 young (1024K), 1 survivors (1024K)
 Metaspace       used 157200K, capacity 162233K, committed 165160K, reserved 1191936K
  class space    used 19764K, capacity 21675K, committed 22392K, reserved 1048576K
}
Event: 10639.050 GC heap before
{Heap before GC invocations=97 (full 0):
 garbage-first heap   total 378880K, used 296087K [0x0000000080000000, 0x0000000100000000)
  region size 1024K, 63 young (64512K), 1 survivors (1024K)
 Metaspace       used 158218K, capacity 163502K, committed 165288K, reserved 1191936K
  class space    used 19921K, capacity 21932K, committed 22520K, reserved 1048576K
}
Event: 10639.076 GC heap after
{Heap after GC invocations=98 (full 0):
 garbage-first heap   total 378880K, used 236977K [0x0000000080000000, 0x0000000100000000)
  region size 1024K, 5 young (5120K), 5 survivors (5120K)
 Metaspace       used 158218K, capacity 163502K, committed 165288K, reserved 1191936K
  class space    used 19921K, capacity 21932K, committed 22520K, reserved 1048576K
}
Event: 10639.854 GC heap before
{Heap before GC invocations=99 (full 0):
 garbage-first heap   total 378880K, used 294321K [0x0000000080000000, 0x0000000100000000)
  region size 1024K, 68 young (69632K), 5 survivors (5120K)
 Metaspace       used 155092K, capacity 159943K, committed 165288K, reserved 1191936K
  class space    used 19478K, capacity 21350K, committed 22520K, reserved 1048576K
}
Event: 10639.866 GC heap after
{Heap after GC invocations=100 (full 0):
 garbage-first heap   total 378880K, used 232772K [0x0000000080000000, 0x0000000100000000)
  region size 1024K, 7 young (7168K), 7 survivors (7168K)
 Metaspace       used 155092K, capacity 159943K, committed 165288K, reserved 1191936K
  class space    used 19478K, capacity 21350K, committed 22520K, reserved 1048576K
}
Event: 10639.907 GC heap before
{Heap before GC invocations=100 (full 0):
 garbage-first heap   total 378880K, used 244036K [0x0000000080000000, 0x0000000100000000)
  region size 1024K, 18 young (18432K), 7 survivors (7168K)
 Metaspace       used 155097K, capacity 159943K, committed 165288K, reserved 1191936K
  class space    used 19478K, capacity 21350K, committed 22520K, reserved 1048576K
}
Event: 10639.926 GC heap after
{Heap after GC invocations=101 (full 0):
 garbage-first heap   total 378880K, used 214961K [0x0000000080000000, 0x0000000100000000)
  region size 1024K, 2 young (2048K), 2 survivors (2048K)
 Metaspace       used 155097K, capacity 159943K, committed 165288K, reserved 1191936K
  class space    used 19478K, capacity 21350K, committed 22520K, reserved 1048576K
}
Event: 10640.686 GC heap before
{Heap before GC invocations=101 (full 0):
 garbage-first heap   total 378880K, used 293809K [0x0000000080000000, 0x0000000100000000)
  region size 1024K, 79 young (80896K), 2 survivors (2048K)
 Metaspace       used 155695K, capacity 160660K, committed 165288K, reserved 1191936K
  class space    used 19544K, capacity 21471K, committed 22520K, reserved 1048576K
}
Event: 10640.715 GC heap after
{Heap after GC invocations=102 (full 0):
 garbage-first heap   total 378880K, used 231257K [0x0000000080000000, 0x0000000100000000)
  region size 1024K, 10 young (10240K), 10 survivors (10240K)
 Metaspace       used 155695K, capacity 160660K, committed 165288K, reserved 1191936K
  class space    used 19544K, capacity 21471K, committed 22520K, reserved 1048576K
}
Event: 10641.036 GC heap before
{Heap before GC invocations=103 (full 0):
 garbage-first heap   total 378880K, used 301913K [0x0000000080000000, 0x0000000100000000)
  region size 1024K, 79 young (80896K), 10 survivors (10240K)
 Metaspace       used 156861K, capacity 161839K, committed 165288K, reserved 1191936K
  class space    used 19669K, capacity 21553K, committed 22520K, reserved 1048576K
}
Event: 10641.053 GC heap after
{Heap after GC invocations=104 (full 0):
 garbage-first heap   total 378880K, used 235660K [0x0000000080000000, 0x0000000100000000)
  region size 1024K, 4 young (4096K), 4 survivors (4096K)
 Metaspace       used 156861K, capacity 161839K, committed 165288K, reserved 1191936K
  class space    used 19669K, capacity 21553K, committed 22520K, reserved 1048576K
}
Event: 10641.103 GC heap before
{Heap before GC invocations=104 (full 0):
 garbage-first heap   total 378880K, used 248972K [0x0000000080000000, 0x0000000100000000)
  region size 1024K, 18 young (18432K), 4 survivors (4096K)
 Metaspace       used 157039K, capacity 162017K, committed 165288K, reserved 1191936K
  class space    used 19690K, capacity 21590K, committed 22520K, reserved 1048576K
}
Event: 10641.112 GC heap after
{Heap after GC invocations=105 (full 0):
 garbage-first heap   total 378880K, used 236097K [0x0000000080000000, 0x0000000100000000)
  region size 1024K, 2 young (2048K), 2 survivors (2048K)
 Metaspace       used 157039K, capacity 162017K, committed 165288K, reserved 1191936K
  class space    used 19690K, capacity 21590K, committed 22520K, reserved 1048576K
}
Event: 10641.736 GC heap before
{Heap before GC invocations=105 (full 0):
 garbage-first heap   total 378880K, used 305729K [0x0000000080000000, 0x0000000100000000)
  region size 1024K, 71 young (72704K), 2 survivors (2048K)
 Metaspace       used 157585K, capacity 162784K, committed 165288K, reserved 1191936K
  class space    used 19754K, capacity 21687K, committed 22520K, reserved 1048576K
}

